<?xml version="1.0" encoding="UTF-8"?>
<testng-results skipped="0" failed="2" total="21" passed="19">
  <reporter-output>
  </reporter-output>
  <suite name="Command line suite" duration-ms="51" started-at="2011-10-25T01:21:51Z" finished-at="2011-10-25T01:21:51Z">
    <groups>
    </groups>
    <test name="Command line test" duration-ms="51" started-at="2011-10-25T01:21:51Z" finished-at="2011-10-25T01:21:51Z">
      <class name="ua.pogodin.poker.CardTest">
        <test-method status="PASS" signature="cardShouldBeParsedCorrectly(java.lang.String, ua.pogodin.poker.Kind, ua.pogodin.poker.Suit)[pri:0, instance:ua.pogodin.poker.CardTest@29c56c60]" name="cardShouldBeParsedCorrectly" duration-ms="9" started-at="2011-10-25T01:21:51Z" finished-at="2011-10-25T01:21:51Z">
          <params>
            <param index="0">
              <value>
                <![CDATA[5H]]>
              </value>
            </param>
            <param index="1">
              <value>
                <![CDATA[Five]]>
              </value>
            </param>
            <param index="2">
              <value>
                <![CDATA[Hearts]]>
              </value>
            </param>
          </params>
        </test-method>
        <test-method status="PASS" signature="cardShouldBeParsedCorrectly(java.lang.String, ua.pogodin.poker.Kind, ua.pogodin.poker.Suit)[pri:0, instance:ua.pogodin.poker.CardTest@29c56c60]" name="cardShouldBeParsedCorrectly" duration-ms="0" started-at="2011-10-25T01:21:51Z" finished-at="2011-10-25T01:21:51Z">
          <params>
            <param index="0">
              <value>
                <![CDATA[QH]]>
              </value>
            </param>
            <param index="1">
              <value>
                <![CDATA[Queen]]>
              </value>
            </param>
            <param index="2">
              <value>
                <![CDATA[Hearts]]>
              </value>
            </param>
          </params>
        </test-method>
        <test-method status="PASS" signature="cardShouldBeParsedCorrectly(java.lang.String, ua.pogodin.poker.Kind, ua.pogodin.poker.Suit)[pri:0, instance:ua.pogodin.poker.CardTest@29c56c60]" name="cardShouldBeParsedCorrectly" duration-ms="1" started-at="2011-10-25T01:21:51Z" finished-at="2011-10-25T01:21:51Z">
          <params>
            <param index="0">
              <value>
                <![CDATA[6S]]>
              </value>
            </param>
            <param index="1">
              <value>
                <![CDATA[Six]]>
              </value>
            </param>
            <param index="2">
              <value>
                <![CDATA[Spades]]>
              </value>
            </param>
          </params>
        </test-method>
        <test-method status="PASS" signature="cardShouldBeParsedCorrectly(java.lang.String, ua.pogodin.poker.Kind, ua.pogodin.poker.Suit)[pri:0, instance:ua.pogodin.poker.CardTest@29c56c60]" name="cardShouldBeParsedCorrectly" duration-ms="1" started-at="2011-10-25T01:21:51Z" finished-at="2011-10-25T01:21:51Z">
          <params>
            <param index="0">
              <value>
                <![CDATA[TC]]>
              </value>
            </param>
            <param index="1">
              <value>
                <![CDATA[Ten]]>
              </value>
            </param>
            <param index="2">
              <value>
                <![CDATA[Clubs]]>
              </value>
            </param>
          </params>
        </test-method>
        <test-method status="PASS" signature="cardShouldBeParsedCorrectly(java.lang.String, ua.pogodin.poker.Kind, ua.pogodin.poker.Suit)[pri:0, instance:ua.pogodin.poker.CardTest@29c56c60]" name="cardShouldBeParsedCorrectly" duration-ms="0" started-at="2011-10-25T01:21:51Z" finished-at="2011-10-25T01:21:51Z">
          <params>
            <param index="0">
              <value>
                <![CDATA[2H]]>
              </value>
            </param>
            <param index="1">
              <value>
                <![CDATA[Two]]>
              </value>
            </param>
            <param index="2">
              <value>
                <![CDATA[Hearts]]>
              </value>
            </param>
          </params>
        </test-method>
        <test-method status="PASS" signature="cardShouldBeParsedCorrectly(java.lang.String, ua.pogodin.poker.Kind, ua.pogodin.poker.Suit)[pri:0, instance:ua.pogodin.poker.CardTest@29c56c60]" name="cardShouldBeParsedCorrectly" duration-ms="1" started-at="2011-10-25T01:21:51Z" finished-at="2011-10-25T01:21:51Z">
          <params>
            <param index="0">
              <value>
                <![CDATA[KS]]>
              </value>
            </param>
            <param index="1">
              <value>
                <![CDATA[King]]>
              </value>
            </param>
            <param index="2">
              <value>
                <![CDATA[Spades]]>
              </value>
            </param>
          </params>
        </test-method>
        <test-method status="PASS" signature="cardShouldBeParsedCorrectly(java.lang.String, ua.pogodin.poker.Kind, ua.pogodin.poker.Suit)[pri:0, instance:ua.pogodin.poker.CardTest@29c56c60]" name="cardShouldBeParsedCorrectly" duration-ms="0" started-at="2011-10-25T01:21:51Z" finished-at="2011-10-25T01:21:51Z">
          <params>
            <param index="0">
              <value>
                <![CDATA[3D]]>
              </value>
            </param>
            <param index="1">
              <value>
                <![CDATA[Three]]>
              </value>
            </param>
            <param index="2">
              <value>
                <![CDATA[Diamonds]]>
              </value>
            </param>
          </params>
        </test-method>
        <test-method status="PASS" signature="cardShouldBeParsedCorrectly(java.lang.String, ua.pogodin.poker.Kind, ua.pogodin.poker.Suit)[pri:0, instance:ua.pogodin.poker.CardTest@29c56c60]" name="cardShouldBeParsedCorrectly" duration-ms="1" started-at="2011-10-25T01:21:51Z" finished-at="2011-10-25T01:21:51Z">
          <params>
            <param index="0">
              <value>
                <![CDATA[AH]]>
              </value>
            </param>
            <param index="1">
              <value>
                <![CDATA[Ace]]>
              </value>
            </param>
            <param index="2">
              <value>
                <![CDATA[Hearts]]>
              </value>
            </param>
          </params>
        </test-method>
        <test-method status="PASS" signature="cardShouldBeParsedCorrectly(java.lang.String, ua.pogodin.poker.Kind, ua.pogodin.poker.Suit)[pri:0, instance:ua.pogodin.poker.CardTest@29c56c60]" name="cardShouldBeParsedCorrectly" duration-ms="0" started-at="2011-10-25T01:21:51Z" finished-at="2011-10-25T01:21:51Z">
          <params>
            <param index="0">
              <value>
                <![CDATA[9C]]>
              </value>
            </param>
            <param index="1">
              <value>
                <![CDATA[Nine]]>
              </value>
            </param>
            <param index="2">
              <value>
                <![CDATA[Clubs]]>
              </value>
            </param>
          </params>
        </test-method>
        <test-method status="PASS" signature="cardShouldBeParsedCorrectly(java.lang.String, ua.pogodin.poker.Kind, ua.pogodin.poker.Suit)[pri:0, instance:ua.pogodin.poker.CardTest@29c56c60]" name="cardShouldBeParsedCorrectly" duration-ms="0" started-at="2011-10-25T01:21:51Z" finished-at="2011-10-25T01:21:51Z">
          <params>
            <param index="0">
              <value>
                <![CDATA[JD]]>
              </value>
            </param>
            <param index="1">
              <value>
                <![CDATA[Jack]]>
              </value>
            </param>
            <param index="2">
              <value>
                <![CDATA[Diamonds]]>
              </value>
            </param>
          </params>
        </test-method>
        <test-method status="FAIL" signature="shouldThrowExceptionOnIncorrectIncomeString(java.lang.String)[pri:0, instance:ua.pogodin.poker.CardTest@29c56c60]" name="shouldThrowExceptionOnIncorrectIncomeString" duration-ms="0" started-at="2011-10-25T01:21:51Z" finished-at="2011-10-25T01:21:51Z">
          <exception class="org.testng.TestException">
            <message>
              <![CDATA[
Expected exception java.lang.IllegalArgumentException but got org.testng.TestNGException: 
Method shouldThrowExceptionOnIncorrectIncomeString requires 1 parameters but 0 were supplied in the @Test annotation.]]>
            </message>
            <full-stacktrace>
              <![CDATA[org.testng.TestException: 
Expected exception java.lang.IllegalArgumentException but got org.testng.TestNGException: 
Method shouldThrowExceptionOnIncorrectIncomeString requires 1 parameters but 0 were supplied in the @Test annotation.
	at org.testng.internal.Invoker.handleInvocationResults(Invoker.java:1459)
	at org.testng.internal.Invoker.invokeTestMethods(Invoker.java:1165)
	at org.testng.internal.TestMethodWorker.invokeTestMethods(TestMethodWorker.java:127)
	at org.testng.internal.TestMethodWorker.run(TestMethodWorker.java:111)
	at org.testng.TestRunner.privateRun(TestRunner.java:753)
	at org.testng.TestRunner.run(TestRunner.java:613)
	at org.testng.SuiteRunner.runTest(SuiteRunner.java:334)
	at org.testng.SuiteRunner.runSequentially(SuiteRunner.java:329)
	at org.testng.SuiteRunner.privateRun(SuiteRunner.java:291)
	at org.testng.SuiteRunner.run(SuiteRunner.java:240)
	at org.testng.SuiteRunnerWorker.runSuite(SuiteRunnerWorker.java:52)
	at org.testng.SuiteRunnerWorker.run(SuiteRunnerWorker.java:86)
	at org.testng.TestNG.runSuitesSequentially(TestNG.java:1137)
	at org.testng.TestNG.runSuitesLocally(TestNG.java:1062)
	at org.testng.TestNG.run(TestNG.java:974)
	at org.apache.maven.surefire.testng.TestNGExecutor.run(TestNGExecutor.java:60)
	at org.apache.maven.surefire.testng.TestNGDirectoryTestSuite.executeMulti(TestNGDirectoryTestSuite.java:153)
	at org.apache.maven.surefire.testng.TestNGDirectoryTestSuite.execute(TestNGDirectoryTestSuite.java:99)
	at org.apache.maven.surefire.testng.TestNGProvider.invoke(TestNGProvider.java:111)
	at sun.reflect.NativeMethodAccessorImpl.invoke0(Native Method)
	at sun.reflect.NativeMethodAccessorImpl.invoke(NativeMethodAccessorImpl.java:39)
	at sun.reflect.DelegatingMethodAccessorImpl.invoke(DelegatingMethodAccessorImpl.java:25)
	at java.lang.reflect.Method.invoke(Method.java:597)
	at org.apache.maven.surefire.booter.ProviderFactory$ClassLoaderProxy.invoke(ProviderFactory.java:103)
	at $Proxy0.invoke(Unknown Source)
	at org.apache.maven.surefire.booter.SurefireStarter.invokeProvider(SurefireStarter.java:150)
	at org.apache.maven.surefire.booter.SurefireStarter.runSuitesInProcess(SurefireStarter.java:91)
	at org.apache.maven.surefire.booter.ForkedBooter.main(ForkedBooter.java:69)
Caused by: org.testng.TestNGException: 
Method shouldThrowExceptionOnIncorrectIncomeString requires 1 parameters but 0 were supplied in the @Test annotation.
	at org.testng.internal.Parameters.checkParameterTypes(Parameters.java:186)
	at org.testng.internal.Parameters.createParameters(Parameters.java:122)
	at org.testng.internal.Parameters.createParameters(Parameters.java:358)
	at org.testng.internal.Parameters.handleParameters(Parameters.java:435)
	at org.testng.internal.Invoker.handleParameters(Invoker.java:1358)
	at org.testng.internal.Invoker.createParameters(Invoker.java:1058)
	at org.testng.internal.Invoker.invokeTestMethods(Invoker.java:1160)
	... 26 more
]]>
            </full-stacktrace>
          </exception>
        </test-method>
      </class>
      <class name="ua.pogodin.poker.HandAndDeckTest">
        <test-method status="PASS" signature="shouldBeParsedWithoutException(java.lang.String)[pri:0, instance:ua.pogodin.poker.HandAndDeckTest@2b275d39]" name="shouldBeParsedWithoutException" duration-ms="7" started-at="2011-10-25T01:21:51Z" finished-at="2011-10-25T01:21:51Z">
          <params>
            <param index="0">
              <value>
                <![CDATA[TH JH QC QD QS QH KH AH 2S 6S]]>
              </value>
            </param>
          </params>
        </test-method>
        <test-method status="PASS" signature="shouldBeParsedWithoutException(java.lang.String)[pri:0, instance:ua.pogodin.poker.HandAndDeckTest@2b275d39]" name="shouldBeParsedWithoutException" duration-ms="1" started-at="2011-10-25T01:21:51Z" finished-at="2011-10-25T01:21:51Z">
          <params>
            <param index="0">
              <value>
                <![CDATA[2H 2S 3H 3S 3C 2D 3D 6C 9C TH]]>
              </value>
            </param>
          </params>
        </test-method>
        <test-method status="PASS" signature="shouldBeParsedWithoutException(java.lang.String)[pri:0, instance:ua.pogodin.poker.HandAndDeckTest@2b275d39]" name="shouldBeParsedWithoutException" duration-ms="1" started-at="2011-10-25T01:21:51Z" finished-at="2011-10-25T01:21:51Z">
          <params>
            <param index="0">
              <value>
                <![CDATA[2H 2S 3H 3S 3C 2D 9C 3D 6C TH]]>
              </value>
            </param>
          </params>
        </test-method>
        <test-method status="PASS" signature="shouldBeParsedWithoutException(java.lang.String)[pri:0, instance:ua.pogodin.poker.HandAndDeckTest@2b275d39]" name="shouldBeParsedWithoutException" duration-ms="0" started-at="2011-10-25T01:21:51Z" finished-at="2011-10-25T01:21:51Z">
          <params>
            <param index="0">
              <value>
                <![CDATA[2H AD 5H AC 7H AH 6H 9H 4H 3C]]>
              </value>
            </param>
          </params>
        </test-method>
        <test-method status="PASS" signature="shouldBeParsedWithoutException(java.lang.String)[pri:0, instance:ua.pogodin.poker.HandAndDeckTest@2b275d39]" name="shouldBeParsedWithoutException" duration-ms="0" started-at="2011-10-25T01:21:51Z" finished-at="2011-10-25T01:21:51Z">
          <params>
            <param index="0">
              <value>
                <![CDATA[AC 2D 9C 3S KD 5S 4D KS AS 4C]]>
              </value>
            </param>
          </params>
        </test-method>
        <test-method status="PASS" signature="shouldBeParsedWithoutException(java.lang.String)[pri:0, instance:ua.pogodin.poker.HandAndDeckTest@2b275d39]" name="shouldBeParsedWithoutException" duration-ms="1" started-at="2011-10-25T01:21:51Z" finished-at="2011-10-25T01:21:51Z">
          <params>
            <param index="0">
              <value>
                <![CDATA[KS AH 2H 3C 4H KC 2C TC 2D AS]]>
              </value>
            </param>
          </params>
        </test-method>
        <test-method status="PASS" signature="shouldBeParsedWithoutException(java.lang.String)[pri:0, instance:ua.pogodin.poker.HandAndDeckTest@2b275d39]" name="shouldBeParsedWithoutException" duration-ms="1" started-at="2011-10-25T01:21:51Z" finished-at="2011-10-25T01:21:51Z">
          <params>
            <param index="0">
              <value>
                <![CDATA[AH 2C 9S AD 3C QH KS JS JD KD]]>
              </value>
            </param>
          </params>
        </test-method>
        <test-method status="PASS" signature="shouldBeParsedWithoutException(java.lang.String)[pri:0, instance:ua.pogodin.poker.HandAndDeckTest@2b275d39]" name="shouldBeParsedWithoutException" duration-ms="1" started-at="2011-10-25T01:21:51Z" finished-at="2011-10-25T01:21:51Z">
          <params>
            <param index="0">
              <value>
                <![CDATA[3D 5S 2H QD TD 6S KH 9H AD QH]]>
              </value>
            </param>
          </params>
        </test-method>
        <test-method status="PASS" signature="shouldBeParsedWithoutException(java.lang.String)[pri:0, instance:ua.pogodin.poker.HandAndDeckTest@2b275d39]" name="shouldBeParsedWithoutException" duration-ms="0" started-at="2011-10-25T01:21:51Z" finished-at="2011-10-25T01:21:51Z">
          <params>
            <param index="0">
              <value>
                <![CDATA[6C 9C 8C 2D 7C 2H TC 4C 9S AH]]>
              </value>
            </param>
          </params>
        </test-method>
        <test-method status="FAIL" signature="shouldThrowExceptionOnIncorrectIncomeString(java.lang.String)[pri:0, instance:ua.pogodin.poker.HandAndDeckTest@2b275d39]" name="shouldThrowExceptionOnIncorrectIncomeString" duration-ms="0" started-at="2011-10-25T01:21:51Z" finished-at="2011-10-25T01:21:51Z">
          <exception class="org.testng.TestException">
            <message>
              <![CDATA[
Expected exception java.lang.IllegalArgumentException but got org.testng.TestNGException: 
Method shouldThrowExceptionOnIncorrectIncomeString requires 1 parameters but 0 were supplied in the @Test annotation.]]>
            </message>
            <full-stacktrace>
              <![CDATA[org.testng.TestException: 
Expected exception java.lang.IllegalArgumentException but got org.testng.TestNGException: 
Method shouldThrowExceptionOnIncorrectIncomeString requires 1 parameters but 0 were supplied in the @Test annotation.
	at org.testng.internal.Invoker.handleInvocationResults(Invoker.java:1459)
	at org.testng.internal.Invoker.invokeTestMethods(Invoker.java:1165)
	at org.testng.internal.TestMethodWorker.invokeTestMethods(TestMethodWorker.java:127)
	at org.testng.internal.TestMethodWorker.run(TestMethodWorker.java:111)
	at org.testng.TestRunner.privateRun(TestRunner.java:753)
	at org.testng.TestRunner.run(TestRunner.java:613)
	at org.testng.SuiteRunner.runTest(SuiteRunner.java:334)
	at org.testng.SuiteRunner.runSequentially(SuiteRunner.java:329)
	at org.testng.SuiteRunner.privateRun(SuiteRunner.java:291)
	at org.testng.SuiteRunner.run(SuiteRunner.java:240)
	at org.testng.SuiteRunnerWorker.runSuite(SuiteRunnerWorker.java:52)
	at org.testng.SuiteRunnerWorker.run(SuiteRunnerWorker.java:86)
	at org.testng.TestNG.runSuitesSequentially(TestNG.java:1137)
	at org.testng.TestNG.runSuitesLocally(TestNG.java:1062)
	at org.testng.TestNG.run(TestNG.java:974)
	at org.apache.maven.surefire.testng.TestNGExecutor.run(TestNGExecutor.java:60)
	at org.apache.maven.surefire.testng.TestNGDirectoryTestSuite.executeMulti(TestNGDirectoryTestSuite.java:153)
	at org.apache.maven.surefire.testng.TestNGDirectoryTestSuite.execute(TestNGDirectoryTestSuite.java:99)
	at org.apache.maven.surefire.testng.TestNGProvider.invoke(TestNGProvider.java:111)
	at sun.reflect.NativeMethodAccessorImpl.invoke0(Native Method)
	at sun.reflect.NativeMethodAccessorImpl.invoke(NativeMethodAccessorImpl.java:39)
	at sun.reflect.DelegatingMethodAccessorImpl.invoke(DelegatingMethodAccessorImpl.java:25)
	at java.lang.reflect.Method.invoke(Method.java:597)
	at org.apache.maven.surefire.booter.ProviderFactory$ClassLoaderProxy.invoke(ProviderFactory.java:103)
	at $Proxy0.invoke(Unknown Source)
	at org.apache.maven.surefire.booter.SurefireStarter.invokeProvider(SurefireStarter.java:150)
	at org.apache.maven.surefire.booter.SurefireStarter.runSuitesInProcess(SurefireStarter.java:91)
	at org.apache.maven.surefire.booter.ForkedBooter.main(ForkedBooter.java:69)
Caused by: org.testng.TestNGException: 
Method shouldThrowExceptionOnIncorrectIncomeString requires 1 parameters but 0 were supplied in the @Test annotation.
	at org.testng.internal.Parameters.checkParameterTypes(Parameters.java:186)
	at org.testng.internal.Parameters.createParameters(Parameters.java:122)
	at org.testng.internal.Parameters.createParameters(Parameters.java:358)
	at org.testng.internal.Parameters.handleParameters(Parameters.java:435)
	at org.testng.internal.Invoker.handleParameters(Invoker.java:1358)
	at org.testng.internal.Invoker.createParameters(Invoker.java:1058)
	at org.testng.internal.Invoker.invokeTestMethods(Invoker.java:1160)
	... 26 more
]]>
            </full-stacktrace>
          </exception>
        </test-method>
      </class>
    </test>
  </suite>
</testng-results>
