<html>
<head>
<title>TestNG:  Command line test</title>
<link href="../testng.css" rel="stylesheet" type="text/css" />
<link href="../my-testng.css" rel="stylesheet" type="text/css" />

<style type="text/css">
.log { display: none;} 
.stack-trace { display: none;} 
</style>
<script type="text/javascript">
<!--
function flip(e) {
  current = e.style.display;
  if (current == 'block') {
    e.style.display = 'none';
    return 0;
  }
  else {
    e.style.display = 'block';
    return 1;
  }
}

function toggleBox(szDivId, elem, msg1, msg2)
{
  var res = -1;  if (document.getElementById) {
    res = flip(document.getElementById(szDivId));
  }
  else if (document.all) {
    // this is the way old msie versions work
    res = flip(document.all[szDivId]);
  }
  if(elem) {
    if(res == 0) elem.innerHTML = msg1; else elem.innerHTML = msg2;
  }

}

function toggleAllBoxes() {
  if (document.getElementsByTagName) {
    d = document.getElementsByTagName('div');
    for (i = 0; i < d.length; i++) {
      if (d[i].className == 'log') {
        flip(d[i]);
      }
    }
  }
}

// -->
</script>

</head>
<body>
<h2 align='center'>Command line test</h2><table border='1' align="center">
<tr>
<td>Tests passed/Failed/Skipped:</td><td>19/2/0</td>
</tr><tr>
<td>Started on:</td><td>Tue Oct 25 01:21:51 EEST 2011</td>
</tr>
<tr><td>Total time:</td><td>0 seconds (51 ms)</td>
</tr><tr>
<td>Included groups:</td><td></td>
</tr><tr>
<td>Excluded groups:</td><td></td>
</tr>
</table><p/>
<small><i>(Hover the method name to see the test class name)</i></small><p/>
<table width='100%' border='1' class='invocation-passed'>
<tr><td colspan='4' align='center'><b>PASSED TESTS</b></td></tr>
<tr><td><b>Test method</b></td>
<td width="30%"><b>Exception</b></td>
<td width="10%"><b>Time (seconds)</b></td>
<td><b>Instance</b></td>
</tr>
<tr>
<td title='ua.pogodin.poker.CardTest.cardShouldBeParsedCorrectly()'><b>cardShouldBeParsedCorrectly</b><br>Test class: ua.pogodin.poker.CardTest<br>Parameters: 5H, Five, Hearts</td>
<td></td>
<td>0</td>
<td>ua.pogodin.poker.CardTest@29c56c60</td></tr>
<tr>
<td title='ua.pogodin.poker.CardTest.cardShouldBeParsedCorrectly()'><b>cardShouldBeParsedCorrectly</b><br>Test class: ua.pogodin.poker.CardTest<br>Parameters: QH, Queen, Hearts</td>
<td></td>
<td>0</td>
<td>ua.pogodin.poker.CardTest@29c56c60</td></tr>
<tr>
<td title='ua.pogodin.poker.CardTest.cardShouldBeParsedCorrectly()'><b>cardShouldBeParsedCorrectly</b><br>Test class: ua.pogodin.poker.CardTest<br>Parameters: 6S, Six, Spades</td>
<td></td>
<td>0</td>
<td>ua.pogodin.poker.CardTest@29c56c60</td></tr>
<tr>
<td title='ua.pogodin.poker.CardTest.cardShouldBeParsedCorrectly()'><b>cardShouldBeParsedCorrectly</b><br>Test class: ua.pogodin.poker.CardTest<br>Parameters: TC, Ten, Clubs</td>
<td></td>
<td>0</td>
<td>ua.pogodin.poker.CardTest@29c56c60</td></tr>
<tr>
<td title='ua.pogodin.poker.CardTest.cardShouldBeParsedCorrectly()'><b>cardShouldBeParsedCorrectly</b><br>Test class: ua.pogodin.poker.CardTest<br>Parameters: 2H, Two, Hearts</td>
<td></td>
<td>0</td>
<td>ua.pogodin.poker.CardTest@29c56c60</td></tr>
<tr>
<td title='ua.pogodin.poker.CardTest.cardShouldBeParsedCorrectly()'><b>cardShouldBeParsedCorrectly</b><br>Test class: ua.pogodin.poker.CardTest<br>Parameters: KS, King, Spades</td>
<td></td>
<td>0</td>
<td>ua.pogodin.poker.CardTest@29c56c60</td></tr>
<tr>
<td title='ua.pogodin.poker.CardTest.cardShouldBeParsedCorrectly()'><b>cardShouldBeParsedCorrectly</b><br>Test class: ua.pogodin.poker.CardTest<br>Parameters: 3D, Three, Diamonds</td>
<td></td>
<td>0</td>
<td>ua.pogodin.poker.CardTest@29c56c60</td></tr>
<tr>
<td title='ua.pogodin.poker.CardTest.cardShouldBeParsedCorrectly()'><b>cardShouldBeParsedCorrectly</b><br>Test class: ua.pogodin.poker.CardTest<br>Parameters: AH, Ace, Hearts</td>
<td></td>
<td>0</td>
<td>ua.pogodin.poker.CardTest@29c56c60</td></tr>
<tr>
<td title='ua.pogodin.poker.CardTest.cardShouldBeParsedCorrectly()'><b>cardShouldBeParsedCorrectly</b><br>Test class: ua.pogodin.poker.CardTest<br>Parameters: 9C, Nine, Clubs</td>
<td></td>
<td>0</td>
<td>ua.pogodin.poker.CardTest@29c56c60</td></tr>
<tr>
<td title='ua.pogodin.poker.CardTest.cardShouldBeParsedCorrectly()'><b>cardShouldBeParsedCorrectly</b><br>Test class: ua.pogodin.poker.CardTest<br>Parameters: JD, Jack, Diamonds</td>
<td></td>
<td>0</td>
<td>ua.pogodin.poker.CardTest@29c56c60</td></tr>
<tr>
<td title='ua.pogodin.poker.HandAndDeckTest.shouldBeParsedWithoutException()'><b>shouldBeParsedWithoutException</b><br>Test class: ua.pogodin.poker.HandAndDeckTest<br>Parameters: TH JH QC QD QS QH KH AH 2S 6S</td>
<td></td>
<td>0</td>
<td>ua.pogodin.poker.HandAndDeckTest@2b275d39</td></tr>
<tr>
<td title='ua.pogodin.poker.HandAndDeckTest.shouldBeParsedWithoutException()'><b>shouldBeParsedWithoutException</b><br>Test class: ua.pogodin.poker.HandAndDeckTest<br>Parameters: 2H 2S 3H 3S 3C 2D 3D 6C 9C TH</td>
<td></td>
<td>0</td>
<td>ua.pogodin.poker.HandAndDeckTest@2b275d39</td></tr>
<tr>
<td title='ua.pogodin.poker.HandAndDeckTest.shouldBeParsedWithoutException()'><b>shouldBeParsedWithoutException</b><br>Test class: ua.pogodin.poker.HandAndDeckTest<br>Parameters: 2H 2S 3H 3S 3C 2D 9C 3D 6C TH</td>
<td></td>
<td>0</td>
<td>ua.pogodin.poker.HandAndDeckTest@2b275d39</td></tr>
<tr>
<td title='ua.pogodin.poker.HandAndDeckTest.shouldBeParsedWithoutException()'><b>shouldBeParsedWithoutException</b><br>Test class: ua.pogodin.poker.HandAndDeckTest<br>Parameters: 2H AD 5H AC 7H AH 6H 9H 4H 3C</td>
<td></td>
<td>0</td>
<td>ua.pogodin.poker.HandAndDeckTest@2b275d39</td></tr>
<tr>
<td title='ua.pogodin.poker.HandAndDeckTest.shouldBeParsedWithoutException()'><b>shouldBeParsedWithoutException</b><br>Test class: ua.pogodin.poker.HandAndDeckTest<br>Parameters: AC 2D 9C 3S KD 5S 4D KS AS 4C</td>
<td></td>
<td>0</td>
<td>ua.pogodin.poker.HandAndDeckTest@2b275d39</td></tr>
<tr>
<td title='ua.pogodin.poker.HandAndDeckTest.shouldBeParsedWithoutException()'><b>shouldBeParsedWithoutException</b><br>Test class: ua.pogodin.poker.HandAndDeckTest<br>Parameters: KS AH 2H 3C 4H KC 2C TC 2D AS</td>
<td></td>
<td>0</td>
<td>ua.pogodin.poker.HandAndDeckTest@2b275d39</td></tr>
<tr>
<td title='ua.pogodin.poker.HandAndDeckTest.shouldBeParsedWithoutException()'><b>shouldBeParsedWithoutException</b><br>Test class: ua.pogodin.poker.HandAndDeckTest<br>Parameters: AH 2C 9S AD 3C QH KS JS JD KD</td>
<td></td>
<td>0</td>
<td>ua.pogodin.poker.HandAndDeckTest@2b275d39</td></tr>
<tr>
<td title='ua.pogodin.poker.HandAndDeckTest.shouldBeParsedWithoutException()'><b>shouldBeParsedWithoutException</b><br>Test class: ua.pogodin.poker.HandAndDeckTest<br>Parameters: 6C 9C 8C 2D 7C 2H TC 4C 9S AH</td>
<td></td>
<td>0</td>
<td>ua.pogodin.poker.HandAndDeckTest@2b275d39</td></tr>
<tr>
<td title='ua.pogodin.poker.HandAndDeckTest.shouldBeParsedWithoutException()'><b>shouldBeParsedWithoutException</b><br>Test class: ua.pogodin.poker.HandAndDeckTest<br>Parameters: 3D 5S 2H QD TD 6S KH 9H AD QH</td>
<td></td>
<td>0</td>
<td>ua.pogodin.poker.HandAndDeckTest@2b275d39</td></tr>
</table><p>
<table width='100%' border='1' class='invocation-skipped'>
<tr><td colspan='4' align='center'><b>SKIPPED TESTS</b></td></tr>
<tr><td><b>Test method</b></td>
<td width="30%"><b>Exception</b></td>
<td width="10%"><b>Time (seconds)</b></td>
<td><b>Instance</b></td>
</tr>
<tr>
<td title='ua.pogodin.poker.CardTest.shouldThrowExceptionOnIncorrectIncomeString()'><b>shouldThrowExceptionOnIncorrectIncomeString</b><br>Test class: ua.pogodin.poker.CardTest</td>
<td><div><pre>org.testng.TestException: 
Method shouldThrowExceptionOnIncorrectIncomeString requires 1 parameters but 0 were supplied in the @Test annotation.
	at org.apache.maven.surefire.testng.TestNGExecutor.run(TestNGExecutor.java:60)
	at org.apache.maven.surefire.testng.TestNGDirectoryTestSuite.executeMulti(TestNGDirectoryTestSuite.java:153)
	at org.apache.maven.surefire.testng.TestNGDirectoryTestSuite.execute(TestNGDirectoryTestSuite.java:99)
	at org.apache.maven.surefire.testng.TestNGProvider.invoke(TestNGProvider.java:111)
	at org.apache.maven.surefire.booter.ProviderFactory$ClassLoaderProxy.invoke(ProviderFactory.java:103)
	at $Proxy0.invoke(Unknown Source)
	at org.apache.maven.surefire.booter.SurefireStarter.invokeProvider(SurefireStarter.java:150)
	at org.apache.maven.surefire.booter.SurefireStarter.runSuitesInProcess(SurefireStarter.java:91)
	at org.apache.maven.surefire.booter.ForkedBooter.main(ForkedBooter.java:69)
Method shouldThrowExceptionOnIncorrectIncomeString requires 1 parameters but 0 were supplied in the @Test annotation.
	... 26 more
... Removed 28 stack frames</pre></div><a href='#' onClick='toggleBox("stack-trace558519794", this, "Click to show all stack frames", "Click to hide stack frames")'>Click to show all stack frames</a>
<div class='stack-trace' id='stack-trace558519794'><pre>org.testng.TestException: 
Expected exception java.lang.IllegalArgumentException but got org.testng.TestNGException: 
Method shouldThrowExceptionOnIncorrectIncomeString requires 1 parameters but 0 were supplied in the @Test annotation.
	at org.testng.internal.Invoker.handleInvocationResults(Invoker.java:1459)
	at org.testng.internal.Invoker.invokeTestMethods(Invoker.java:1165)
	at org.testng.internal.TestMethodWorker.invokeTestMethods(TestMethodWorker.java:127)
	at org.testng.internal.TestMethodWorker.run(TestMethodWorker.java:111)
	at org.testng.TestRunner.privateRun(TestRunner.java:753)
	at org.testng.TestRunner.run(TestRunner.java:613)
	at org.testng.SuiteRunner.runTest(SuiteRunner.java:334)
	at org.testng.SuiteRunner.runSequentially(SuiteRunner.java:329)
	at org.testng.SuiteRunner.privateRun(SuiteRunner.java:291)
	at org.testng.SuiteRunner.run(SuiteRunner.java:240)
	at org.testng.SuiteRunnerWorker.runSuite(SuiteRunnerWorker.java:52)
	at org.testng.SuiteRunnerWorker.run(SuiteRunnerWorker.java:86)
	at org.testng.TestNG.runSuitesSequentially(TestNG.java:1137)
	at org.testng.TestNG.runSuitesLocally(TestNG.java:1062)
	at org.testng.TestNG.run(TestNG.java:974)
	at org.apache.maven.surefire.testng.TestNGExecutor.run(TestNGExecutor.java:60)
	at org.apache.maven.surefire.testng.TestNGDirectoryTestSuite.executeMulti(TestNGDirectoryTestSuite.java:153)
	at org.apache.maven.surefire.testng.TestNGDirectoryTestSuite.execute(TestNGDirectoryTestSuite.java:99)
	at org.apache.maven.surefire.testng.TestNGProvider.invoke(TestNGProvider.java:111)
	at sun.reflect.NativeMethodAccessorImpl.invoke0(Native Method)
	at sun.reflect.NativeMethodAccessorImpl.invoke(NativeMethodAccessorImpl.java:39)
	at sun.reflect.DelegatingMethodAccessorImpl.invoke(DelegatingMethodAccessorImpl.java:25)
	at java.lang.reflect.Method.invoke(Method.java:597)
	at org.apache.maven.surefire.booter.ProviderFactory$ClassLoaderProxy.invoke(ProviderFactory.java:103)
	at $Proxy0.invoke(Unknown Source)
	at org.apache.maven.surefire.booter.SurefireStarter.invokeProvider(SurefireStarter.java:150)
	at org.apache.maven.surefire.booter.SurefireStarter.runSuitesInProcess(SurefireStarter.java:91)
	at org.apache.maven.surefire.booter.ForkedBooter.main(ForkedBooter.java:69)
Caused by: org.testng.TestNGException: 
Method shouldThrowExceptionOnIncorrectIncomeString requires 1 parameters but 0 were supplied in the @Test annotation.
	at org.testng.internal.Parameters.checkParameterTypes(Parameters.java:186)
	at org.testng.internal.Parameters.createParameters(Parameters.java:122)
	at org.testng.internal.Parameters.createParameters(Parameters.java:358)
	at org.testng.internal.Parameters.handleParameters(Parameters.java:435)
	at org.testng.internal.Invoker.handleParameters(Invoker.java:1358)
	at org.testng.internal.Invoker.createParameters(Invoker.java:1058)
	at org.testng.internal.Invoker.invokeTestMethods(Invoker.java:1160)
	... 26 more
</pre></div></td>
<td>0</td>
<td>ua.pogodin.poker.CardTest@29c56c60</td></tr>
<tr>
<td title='ua.pogodin.poker.HandAndDeckTest.shouldThrowExceptionOnIncorrectIncomeString()'><b>shouldThrowExceptionOnIncorrectIncomeString</b><br>Test class: ua.pogodin.poker.HandAndDeckTest</td>
<td><div><pre>org.testng.TestException: 
Method shouldThrowExceptionOnIncorrectIncomeString requires 1 parameters but 0 were supplied in the @Test annotation.
	at org.apache.maven.surefire.testng.TestNGExecutor.run(TestNGExecutor.java:60)
	at org.apache.maven.surefire.testng.TestNGDirectoryTestSuite.executeMulti(TestNGDirectoryTestSuite.java:153)
	at org.apache.maven.surefire.testng.TestNGDirectoryTestSuite.execute(TestNGDirectoryTestSuite.java:99)
	at org.apache.maven.surefire.testng.TestNGProvider.invoke(TestNGProvider.java:111)
	at org.apache.maven.surefire.booter.ProviderFactory$ClassLoaderProxy.invoke(ProviderFactory.java:103)
	at $Proxy0.invoke(Unknown Source)
	at org.apache.maven.surefire.booter.SurefireStarter.invokeProvider(SurefireStarter.java:150)
	at org.apache.maven.surefire.booter.SurefireStarter.runSuitesInProcess(SurefireStarter.java:91)
	at org.apache.maven.surefire.booter.ForkedBooter.main(ForkedBooter.java:69)
Method shouldThrowExceptionOnIncorrectIncomeString requires 1 parameters but 0 were supplied in the @Test annotation.
	... 26 more
... Removed 28 stack frames</pre></div><a href='#' onClick='toggleBox("stack-trace391156721", this, "Click to show all stack frames", "Click to hide stack frames")'>Click to show all stack frames</a>
<div class='stack-trace' id='stack-trace391156721'><pre>org.testng.TestException: 
Expected exception java.lang.IllegalArgumentException but got org.testng.TestNGException: 
Method shouldThrowExceptionOnIncorrectIncomeString requires 1 parameters but 0 were supplied in the @Test annotation.
	at org.testng.internal.Invoker.handleInvocationResults(Invoker.java:1459)
	at org.testng.internal.Invoker.invokeTestMethods(Invoker.java:1165)
	at org.testng.internal.TestMethodWorker.invokeTestMethods(TestMethodWorker.java:127)
	at org.testng.internal.TestMethodWorker.run(TestMethodWorker.java:111)
	at org.testng.TestRunner.privateRun(TestRunner.java:753)
	at org.testng.TestRunner.run(TestRunner.java:613)
	at org.testng.SuiteRunner.runTest(SuiteRunner.java:334)
	at org.testng.SuiteRunner.runSequentially(SuiteRunner.java:329)
	at org.testng.SuiteRunner.privateRun(SuiteRunner.java:291)
	at org.testng.SuiteRunner.run(SuiteRunner.java:240)
	at org.testng.SuiteRunnerWorker.runSuite(SuiteRunnerWorker.java:52)
	at org.testng.SuiteRunnerWorker.run(SuiteRunnerWorker.java:86)
	at org.testng.TestNG.runSuitesSequentially(TestNG.java:1137)
	at org.testng.TestNG.runSuitesLocally(TestNG.java:1062)
	at org.testng.TestNG.run(TestNG.java:974)
	at org.apache.maven.surefire.testng.TestNGExecutor.run(TestNGExecutor.java:60)
	at org.apache.maven.surefire.testng.TestNGDirectoryTestSuite.executeMulti(TestNGDirectoryTestSuite.java:153)
	at org.apache.maven.surefire.testng.TestNGDirectoryTestSuite.execute(TestNGDirectoryTestSuite.java:99)
	at org.apache.maven.surefire.testng.TestNGProvider.invoke(TestNGProvider.java:111)
	at sun.reflect.NativeMethodAccessorImpl.invoke0(Native Method)
	at sun.reflect.NativeMethodAccessorImpl.invoke(NativeMethodAccessorImpl.java:39)
	at sun.reflect.DelegatingMethodAccessorImpl.invoke(DelegatingMethodAccessorImpl.java:25)
	at java.lang.reflect.Method.invoke(Method.java:597)
	at org.apache.maven.surefire.booter.ProviderFactory$ClassLoaderProxy.invoke(ProviderFactory.java:103)
	at $Proxy0.invoke(Unknown Source)
	at org.apache.maven.surefire.booter.SurefireStarter.invokeProvider(SurefireStarter.java:150)
	at org.apache.maven.surefire.booter.SurefireStarter.runSuitesInProcess(SurefireStarter.java:91)
	at org.apache.maven.surefire.booter.ForkedBooter.main(ForkedBooter.java:69)
Caused by: org.testng.TestNGException: 
Method shouldThrowExceptionOnIncorrectIncomeString requires 1 parameters but 0 were supplied in the @Test annotation.
	at org.testng.internal.Parameters.checkParameterTypes(Parameters.java:186)
	at org.testng.internal.Parameters.createParameters(Parameters.java:122)
	at org.testng.internal.Parameters.createParameters(Parameters.java:358)
	at org.testng.internal.Parameters.handleParameters(Parameters.java:435)
	at org.testng.internal.Invoker.handleParameters(Invoker.java:1358)
	at org.testng.internal.Invoker.createParameters(Invoker.java:1058)
	at org.testng.internal.Invoker.invokeTestMethods(Invoker.java:1160)
	... 26 more
</pre></div></td>
<td>0</td>
<td>ua.pogodin.poker.HandAndDeckTest@2b275d39</td></tr>
</table><p>
</body>
</html>