<?xml version="1.0" encoding="UTF-8"?>
<!-- Generated by org.testng.reporters.JUnitReportReporter -->
<testsuite hostname="junior" name="ua.pogodin.poker.HandAndDeckTest" tests="10" failures="1" timestamp="24 Oct 2011 22:21:51 GMT" time="0,012" errors="0">
  <testcase name="shouldThrowExceptionOnIncorrectIncomeString" time="0,000" classname="ua.pogodin.poker.HandAndDeckTest">
    <failure type="org.testng.TestException" message="
Expected exception java.lang.IllegalArgumentException but got org.testng.TestNGException: 
Method shouldThrowExceptionOnIncorrectIncomeString requires 1 parameters but 0 were supplied in the @Test annotation.">
      <![CDATA[org.testng.TestException: 
Expected exception java.lang.IllegalArgumentException but got org.testng.TestNGException: 
Method shouldThrowExceptionOnIncorrectIncomeString requires 1 parameters but 0 were supplied in the @Test annotation.
	at org.testng.internal.Invoker.handleInvocationResults(Invoker.java:1459)
	at org.testng.internal.Invoker.invokeTestMethods(Invoker.java:1165)
	at org.testng.internal.TestMethodWorker.invokeTestMethods(TestMethodWorker.java:127)
	at org.testng.internal.TestMethodWorker.run(TestMethodWorker.java:111)
	at org.testng.TestRunner.privateRun(TestRunner.java:753)
	at org.testng.TestRunner.run(TestRunner.java:613)
	at org.testng.SuiteRunner.runTest(SuiteRunner.java:334)
	at org.testng.SuiteRunner.runSequentially(SuiteRunner.java:329)
	at org.testng.SuiteRunner.privateRun(SuiteRunner.java:291)
	at org.testng.SuiteRunner.run(SuiteRunner.java:240)
	at org.testng.SuiteRunnerWorker.runSuite(SuiteRunnerWorker.java:52)
	at org.testng.SuiteRunnerWorker.run(SuiteRunnerWorker.java:86)
	at org.testng.TestNG.runSuitesSequentially(TestNG.java:1137)
	at org.testng.TestNG.runSuitesLocally(TestNG.java:1062)
	at org.testng.TestNG.run(TestNG.java:974)
	at org.apache.maven.surefire.testng.TestNGExecutor.run(TestNGExecutor.java:60)
	at org.apache.maven.surefire.testng.TestNGDirectoryTestSuite.executeMulti(TestNGDirectoryTestSuite.java:153)
	at org.apache.maven.surefire.testng.TestNGDirectoryTestSuite.execute(TestNGDirectoryTestSuite.java:99)
	at org.apache.maven.surefire.testng.TestNGProvider.invoke(TestNGProvider.java:111)
	at sun.reflect.NativeMethodAccessorImpl.invoke0(Native Method)
	at sun.reflect.NativeMethodAccessorImpl.invoke(NativeMethodAccessorImpl.java:39)
	at sun.reflect.DelegatingMethodAccessorImpl.invoke(DelegatingMethodAccessorImpl.java:25)
	at java.lang.reflect.Method.invoke(Method.java:597)
	at org.apache.maven.surefire.booter.ProviderFactory$ClassLoaderProxy.invoke(ProviderFactory.java:103)
	at $Proxy0.invoke(Unknown Source)
	at org.apache.maven.surefire.booter.SurefireStarter.invokeProvider(SurefireStarter.java:150)
	at org.apache.maven.surefire.booter.SurefireStarter.runSuitesInProcess(SurefireStarter.java:91)
	at org.apache.maven.surefire.booter.ForkedBooter.main(ForkedBooter.java:69)
Caused by: org.testng.TestNGException: 
Method shouldThrowExceptionOnIncorrectIncomeString requires 1 parameters but 0 were supplied in the @Test annotation.
	at org.testng.internal.Parameters.checkParameterTypes(Parameters.java:186)
	at org.testng.internal.Parameters.createParameters(Parameters.java:122)
	at org.testng.internal.Parameters.createParameters(Parameters.java:358)
	at org.testng.internal.Parameters.handleParameters(Parameters.java:435)
	at org.testng.internal.Invoker.handleParameters(Invoker.java:1358)
	at org.testng.internal.Invoker.createParameters(Invoker.java:1058)
	at org.testng.internal.Invoker.invokeTestMethods(Invoker.java:1160)
	... 26 more
]]>
    </failure>
  </testcase>
  <testcase name="shouldBeParsedWithoutException" time="0,001" classname="ua.pogodin.poker.HandAndDeckTest"/>
  <testcase name="shouldBeParsedWithoutException" time="0,001" classname="ua.pogodin.poker.HandAndDeckTest"/>
  <testcase name="shouldBeParsedWithoutException" time="0,001" classname="ua.pogodin.poker.HandAndDeckTest"/>
  <testcase name="shouldBeParsedWithoutException" time="0,001" classname="ua.pogodin.poker.HandAndDeckTest"/>
  <testcase name="shouldBeParsedWithoutException" time="0,000" classname="ua.pogodin.poker.HandAndDeckTest"/>
  <testcase name="shouldBeParsedWithoutException" time="0,000" classname="ua.pogodin.poker.HandAndDeckTest"/>
  <testcase name="shouldBeParsedWithoutException" time="0,000" classname="ua.pogodin.poker.HandAndDeckTest"/>
  <testcase name="shouldBeParsedWithoutException" time="0,007" classname="ua.pogodin.poker.HandAndDeckTest"/>
  <testcase name="shouldBeParsedWithoutException" time="0,001" classname="ua.pogodin.poker.HandAndDeckTest"/>
</testsuite>
